<?xml version="1.0" encoding="UTF-8"?>
<coverage generated="1551289537">
  <project timestamp="1551289537">
    <file name="/var/www/html/attributes/src/AttributableInterface.php">
      <metrics loc="17" ncloc="10" classes="0" methods="0" coveredmethods="0" conditionals="0" coveredconditionals="0" statements="0" coveredstatements="0" elements="0" coveredelements="0"/>
    </file>
    <package name="vbpupil">
      <file name="/var/www/html/attributes/src/Attribute.php">
        <class name="Attribute" namespace="vbpupil" fullPackage="vbpupil" package="vbpupil">
          <metrics complexity="4" methods="4" coveredmethods="4" conditionals="0" coveredconditionals="0" statements="5" coveredstatements="5" elements="9" coveredelements="9"/>
        </class>
        <line num="29" type="method" name="__construct" visibility="public" complexity="1" crap="1" count="9"/>
        <line num="31" type="stmt" count="9"/>
        <line num="32" type="stmt" count="9"/>
        <line num="37" type="method" name="getValue" visibility="public" complexity="1" crap="1" count="3"/>
        <line num="39" type="stmt" count="3"/>
        <line num="45" type="method" name="getKey" visibility="public" complexity="1" crap="1" count="6"/>
        <line num="47" type="stmt" count="6"/>
        <line num="53" type="method" name="getAttribute" visibility="public" complexity="1" crap="1" count="1"/>
        <line num="55" type="stmt" count="1"/>
        <metrics loc="57" ncloc="30" classes="1" methods="4" coveredmethods="4" conditionals="0" coveredconditionals="0" statements="5" coveredstatements="5" elements="9" coveredelements="9"/>
      </file>
      <file name="/var/www/html/attributes/src/Attributes.php">
        <class name="Attributes" namespace="vbpupil" fullPackage="vbpupil" package="vbpupil">
          <metrics complexity="15" methods="6" coveredmethods="4" conditionals="0" coveredconditionals="0" statements="30" coveredstatements="28" elements="36" coveredelements="32"/>
        </class>
        <line num="35" type="method" name="__construct" visibility="public" complexity="4" crap="4.01" count="7"/>
        <line num="37" type="stmt" count="7"/>
        <line num="38" type="stmt" count="7"/>
        <line num="40" type="stmt" count="7"/>
        <line num="42" type="stmt" count="7"/>
        <line num="43" type="stmt" count="4"/>
        <line num="44" type="stmt" count="1"/>
        <line num="47" type="stmt" count="3"/>
        <line num="48" type="stmt" count="6"/>
        <line num="50" type="stmt" count="6"/>
        <line num="52" type="stmt" count="1"/>
        <line num="53" type="stmt" count="0"/>
        <line num="56" type="stmt" count="5"/>
        <line num="63" type="method" name="requiredCheck" visibility="protected" complexity="4" crap="4.02" count="1"/>
        <line num="65" type="stmt" count="1"/>
        <line num="67" type="stmt" count="1"/>
        <line num="68" type="stmt" count="1"/>
        <line num="69" type="stmt" count="1"/>
        <line num="70" type="stmt" count="1"/>
        <line num="71" type="stmt" count="1"/>
        <line num="73" type="stmt" count="1"/>
        <line num="74" type="stmt" count="1"/>
        <line num="76" type="stmt" count="1"/>
        <line num="78" type="stmt" count="0"/>
        <line num="85" type="method" name="getAttribute" visibility="public" complexity="2" crap="2" count="3"/>
        <line num="87" type="stmt" count="3"/>
        <line num="88" type="stmt" count="2"/>
        <line num="90" type="stmt" count="1"/>
        <line num="98" type="method" name="setAttribute" visibility="public" complexity="1" crap="1" count="2"/>
        <line num="100" type="stmt" count="2"/>
        <line num="102" type="stmt" count="2"/>
        <line num="112" type="method" name="anonymous function" complexity="1" crap="1" count="3"/>
        <line num="113" type="stmt" count="3"/>
        <line num="114" type="stmt" count="3"/>
        <line num="116" type="stmt" count="3"/>
        <line num="117" type="stmt" count="2"/>
        <line num="119" type="stmt" count="1"/>
        <line num="124" type="method" name="getAttributes" visibility="public" complexity="1" crap="1" count="1"/>
        <line num="126" type="stmt" count="1"/>
        <metrics loc="127" ncloc="81" classes="1" methods="6" coveredmethods="4" conditionals="0" coveredconditionals="0" statements="33" coveredstatements="31" elements="39" coveredelements="35"/>
      </file>
    </package>
    <metrics files="3" loc="201" ncloc="121" classes="2" methods="10" coveredmethods="8" conditionals="0" coveredconditionals="0" statements="38" coveredstatements="36" elements="48" coveredelements="44"/>
  </project>
</coverage>
